<?xml version="1.0" encoding="UTF-8"?>
<!-- Generated by org.testng.reporters.JUnitXMLReporter -->
<testsuite hostname="SAKSOFT124PDC" ignored="0" name="Test" tests="1" failures="1" timestamp="27 Aug 2019 06:22:10 GMT" time="38.412" errors="0">
  <testcase name="feature" time="37.694" classname="openweather.OpenWeatherMap.testrunner.AbstractTestNGCucumberTests">
    <failure type="cucumber.runtime.CucumberException" message="java.lang.NullPointerException">
      <![CDATA[cucumber.runtime.CucumberException: java.lang.NullPointerException
at cucumber.api.testng.TestNGCucumberRunner.runCucumber(TestNGCucumberRunner.java:69)
at openweather.OpenWeatherMap.testrunner.AbstractTestNGCucumberTests.feature(AbstractTestNGCucumberTests.java:16)
Caused by: java.lang.NullPointerException
at org.openqa.selenium.remote.RemoteWebDriver.findElement(RemoteWebDriver.java:315)
at openweather.OpenWeatherMap.TC.HomePage_TC.i_get_navigated_to_homepage_using_provided_url(HomePage_TC.java:32)
at ✽.When I get navigated to homepage using provided url(homepage.feature:16)
... Removed 25 stack frames]]>
    </failure>
  </testcase> <!-- feature -->
</testsuite> <!-- Test -->
