<?xml version="1.0" encoding="UTF-8"?>
<testng-results skipped="0" failed="0" total="2" passed="2">
  <reporter-output>
  </reporter-output>
  <suite name="Suite" duration-ms="84564" started-at="2019-08-29T12:04:51Z" finished-at="2019-08-29T12:06:15Z">
    <groups>
      <group name="cucumber">
        <method signature="AbstractTestNGCucumberTests.feature(cucumber.api.testng.CucumberFeatureWrapper)[pri:0, instance:openweather.OpenWeatherMap.testrunner.TestRunner@7ca48474]" name="feature" class="openweather.OpenWeatherMap.testrunner.AbstractTestNGCucumberTests"/>
      </group> <!-- cucumber -->
    </groups>
    <test name="Test" duration-ms="84564" started-at="2019-08-29T12:04:51Z" finished-at="2019-08-29T12:06:15Z">
      <class name="openweather.OpenWeatherMap.testrunner.TestRunner">
        <test-method status="PASS" signature="setUpClass()[pri:0, instance:openweather.OpenWeatherMap.testrunner.TestRunner@7ca48474]" name="setUpClass" is-config="true" duration-ms="564" started-at="2019-08-29T17:34:51Z" finished-at="2019-08-29T17:34:51Z">
          <reporter-output>
          </reporter-output>
        </test-method> <!-- setUpClass -->
        <test-method status="PASS" signature="setup()[pri:0, instance:openweather.OpenWeatherMap.testrunner.TestRunner@7ca48474]" name="setup" is-config="true" duration-ms="2" started-at="2019-08-29T17:34:51Z" finished-at="2019-08-29T17:34:51Z">
          <reporter-output>
          </reporter-output>
        </test-method> <!-- setup -->
        <test-method status="PASS" signature="feature(cucumber.api.testng.CucumberFeatureWrapper)[pri:0, instance:openweather.OpenWeatherMap.testrunner.TestRunner@7ca48474]" name="feature" duration-ms="78120" started-at="2019-08-29T17:34:52Z" description="Runs Cucumber Feature" data-provider="features" finished-at="2019-08-29T17:36:10Z">
          <params>
            <param index="0">
              <value>
                <![CDATA[Open Weather Map website]]>
              </value>
            </param>
          </params>
          <reporter-output>
          </reporter-output>
        </test-method> <!-- feature -->
        <test-method status="PASS" signature="feature(cucumber.api.testng.CucumberFeatureWrapper)[pri:0, instance:openweather.OpenWeatherMap.testrunner.TestRunner@7ca48474]" name="feature" duration-ms="4906" started-at="2019-08-29T17:36:10Z" description="Runs Cucumber Feature" data-provider="features" finished-at="2019-08-29T17:36:15Z">
          <params>
            <param index="0">
              <value>
                <![CDATA[API tests fo open weather API]]>
              </value>
            </param>
          </params>
          <reporter-output>
          </reporter-output>
        </test-method> <!-- feature -->
        <test-method status="PASS" signature="teardown()[pri:0, instance:openweather.OpenWeatherMap.testrunner.TestRunner@7ca48474]" name="teardown" is-config="true" duration-ms="2" started-at="2019-08-29T17:36:15Z" finished-at="2019-08-29T17:36:15Z">
          <reporter-output>
          </reporter-output>
        </test-method> <!-- teardown -->
        <test-method status="PASS" signature="tearDownClass()[pri:0, instance:openweather.OpenWeatherMap.testrunner.TestRunner@7ca48474]" name="tearDownClass" is-config="true" duration-ms="841" started-at="2019-08-29T17:36:15Z" finished-at="2019-08-29T17:36:15Z">
          <reporter-output>
          </reporter-output>
        </test-method> <!-- tearDownClass -->
      </class> <!-- openweather.OpenWeatherMap.testrunner.TestRunner -->
    </test> <!-- Test -->
  </suite> <!-- Suite -->
</testng-results>
